d:\libraries\documents\c++ samples\pipeline\cse387lab\release\vc141.pdb
d:\libraries\documents\c++ samples\pipeline\cse387lab\release\visbleobjectindexedrender.obj
d:\libraries\documents\c++ samples\pipeline\cse387lab\release\visibleobjectorderedrender.obj
d:\libraries\documents\c++ samples\pipeline\cse387lab\release\visibleobject.obj
d:\libraries\documents\c++ samples\pipeline\cse387lab\release\sphere.obj
d:\libraries\documents\c++ samples\pipeline\cse387lab\release\sharedprojectionandviewing.obj
d:\libraries\documents\c++ samples\pipeline\cse387lab\release\sharedmaterialproperties.obj
d:\libraries\documents\c++ samples\pipeline\cse387lab\release\sharedgenerallighting.obj
d:\libraries\documents\c++ samples\pipeline\cse387lab\release\scene.obj
d:\libraries\documents\c++ samples\pipeline\cse387lab\release\model.obj
d:\libraries\documents\c++ samples\pipeline\cse387lab\release\buildshader.obj
d:\libraries\documents\c++ samples\pipeline\cse387lab\release\main.obj
d:\libraries\documents\c++ samples\pipeline\cse387lab\release\cube.obj
d:\libraries\documents\c++ samples\pipeline\cse387lab\release\basicincludesanddefines.obj
d:\libraries\documents\c++ samples\pipeline\release\render pipeline.exe
d:\libraries\documents\c++ samples\pipeline\release\render pipeline.pdb
d:\libraries\documents\c++ samples\pipeline\release\render pipeline.ipdb
d:\libraries\documents\c++ samples\pipeline\release\render pipeline.iobj
d:\libraries\documents\c++ samples\pipeline\cse387lab\release\render pipeline.tlog\cl.command.1.tlog
d:\libraries\documents\c++ samples\pipeline\cse387lab\release\render pipeline.tlog\cl.read.1.tlog
d:\libraries\documents\c++ samples\pipeline\cse387lab\release\render pipeline.tlog\cl.write.1.tlog
d:\libraries\documents\c++ samples\pipeline\cse387lab\release\render pipeline.tlog\link.command.1.tlog
d:\libraries\documents\c++ samples\pipeline\cse387lab\release\render pipeline.tlog\link.read.1.tlog
d:\libraries\documents\c++ samples\pipeline\cse387lab\release\render pipeline.tlog\link.write.1.tlog
d:\libraries\documents\c++ samples\pipeline\cse387lab\release\render pipeline.tlog\render pipeline.write.1u.tlog
